■■■■■■■■■■■■■■■■■■■■■■■■■■■■■■■■■■■■■■■■■■■■■■■■■■■■■■■■■■■■■■■■■■■■■■■■■■■■■■■■■■■■■■■■■■■■■■■■■■■■■■■■■■■■■■■■■■■■■■■■
CotizadorRojoBetabel
https://nutricion-rojo-betabel.negocio.site
Salud y Sabor en Armonía.
e-mail: developer.rojobetabel@gmail.com
CONTACTO:
Cel: (642) 102-3512
■■■■■■■■■■■■■■■■■■■■■■■■■■■■■■■■■■■■■■■■■■■■■■■■■■■■■■■■■■■■■■■■■■■■■■■■■■■■■■■■■■■■■■■■■■■■■■■■■■■■■■■■■■■■■■■■■■■■■■■■
[21:22:51.8079-07:00] [VIEW-LOADED] Wait. Message: Inicializando...
[21:22:52.3346-07:00] [CONFIGURATION] {}
[21:22:52.6119-07:00] [VIEW-LOADED] MainView
■■■■■■■■■■■■■■■■■■■■■■■■■■■■■■■■■■■■■■■■■■■■■■■■■■■■■■■■■■■■■■■■■■■■■■■■■■■■■■■■■■■■■■■■■■■■■■■■■■■■■■■■■■■■■■■■■■■■■■■■
CotizadorRojoBetabel
https://nutricion-rojo-betabel.negocio.site
Salud y Sabor en Armonía.
e-mail: developer.rojobetabel@gmail.com
CONTACTO:
Cel: (642) 102-3512
■■■■■■■■■■■■■■■■■■■■■■■■■■■■■■■■■■■■■■■■■■■■■■■■■■■■■■■■■■■■■■■■■■■■■■■■■■■■■■■■■■■■■■■■■■■■■■■■■■■■■■■■■■■■■■■■■■■■■■■■
[21:25:14.9463-07:00] [VIEW-LOADED] Wait. Message: Inicializando...
[21:25:15.4924-07:00] [CONFIGURATION] {}
[21:25:15.7786-07:00] [VIEW-LOADED] MainView
■■■■■■■■■■■■■■■■■■■■■■■■■■■■■■■■■■■■■■■■■■■■■■■■■■■■■■■■■■■■■■■■■■■■■■■■■■■■■■■■■■■■■■■■■■■■■■■■■■■■■■■■■■■■■■■■■■■■■■■■
CotizadorRojoBetabel
https://nutricion-rojo-betabel.negocio.site
Salud y Sabor en Armonía.
e-mail: developer.rojobetabel@gmail.com
CONTACTO:
Cel: (642) 102-3512
■■■■■■■■■■■■■■■■■■■■■■■■■■■■■■■■■■■■■■■■■■■■■■■■■■■■■■■■■■■■■■■■■■■■■■■■■■■■■■■■■■■■■■■■■■■■■■■■■■■■■■■■■■■■■■■■■■■■■■■■
[21:26:08.8762-07:00] [VIEW-LOADED] Wait. Message: Inicializando...
[21:26:09.3395-07:00] [CONFIGURATION] {"EarningsPercent":100}
[21:26:09.6703-07:00] [VIEW-LOADED] MainView
■■■■■■■■■■■■■■■■■■■■■■■■■■■■■■■■■■■■■■■■■■■■■■■■■■■■■■■■■■■■■■■■■■■■■■■■■■■■■■■■■■■■■■■■■■■■■■■■■■■■■■■■■■■■■■■■■■■■■■■■
CotizadorRojoBetabel
https://nutricion-rojo-betabel.negocio.site
Salud y Sabor en Armonía.
e-mail: developer.rojobetabel@gmail.com
CONTACTO:
Cel: (642) 102-3512
■■■■■■■■■■■■■■■■■■■■■■■■■■■■■■■■■■■■■■■■■■■■■■■■■■■■■■■■■■■■■■■■■■■■■■■■■■■■■■■■■■■■■■■■■■■■■■■■■■■■■■■■■■■■■■■■■■■■■■■■
[21:28:03.4252-07:00] [VIEW-LOADED] Wait. Message: Inicializando...
[21:28:03.9871-07:00] [CONFIGURATION] {"EarningsPercent":100}
[21:28:04.3834-07:00] [VIEW-LOADED] MainView
■■■■■■■■■■■■■■■■■■■■■■■■■■■■■■■■■■■■■■■■■■■■■■■■■■■■■■■■■■■■■■■■■■■■■■■■■■■■■■■■■■■■■■■■■■■■■■■■■■■■■■■■■■■■■■■■■■■■■■■■
CotizadorRojoBetabel
https://nutricion-rojo-betabel.negocio.site
Salud y Sabor en Armonía.
e-mail: developer.rojobetabel@gmail.com
CONTACTO:
Cel: (642) 102-3512
■■■■■■■■■■■■■■■■■■■■■■■■■■■■■■■■■■■■■■■■■■■■■■■■■■■■■■■■■■■■■■■■■■■■■■■■■■■■■■■■■■■■■■■■■■■■■■■■■■■■■■■■■■■■■■■■■■■■■■■■
[21:30:37.9712-07:00] [VIEW-LOADED] Wait. Message: Inicializando...
[21:30:38.6150-07:00] [CONFIGURATION] {"EarningsPercent":100}
[21:30:38.8998-07:00] [VIEW-LOADED] MainView
